<?xml version="1.0" encoding="UTF-8"?>
<!-- Generated by org.testng.reporters.JUnitReportReporter -->
<testsuite skipped="0" hostname="DESKTOP-GM20KQQ" name="basic.TestNGClass" tests="4" failures="0" timestamp="2021-04-10T17:55:30 IST" time="0.075" errors="0">
  <testcase name="testcase2" time="0.010" classname="basic.TestNGClass"/>
  <system-out/>
  <testcase name="testcase" time="0.025" classname="basic.TestNGClass"/>
  <system-out/>
  <testcase name="testcase5" time="0.006" classname="basic.TestNGClass"/>
  <system-out/>
  <testcase name="testcase4" time="0.034" classname="basic.TestNGClass"/>
  <system-out/>
</testsuite> <!-- basic.TestNGClass -->
