<?xml version="1.0" encoding="UTF-8"?>
<!-- Generated by org.testng.reporters.JUnitReportReporter -->
<testsuite skipped="0" hostname="DESKTOP-GM20KQQ" name="basic.TestClass" tests="1" failures="0" timestamp="2021-03-19T18:17:12 IST" time="0.057" errors="0">
  <testcase name="createProductTest" time="0.057" classname="basic.TestClass"/>
  <system-out/>
</testsuite> <!-- basic.TestClass -->
