<?xml version="1.0" encoding="UTF-8"?>
<!-- Generated by org.testng.reporters.JUnitReportReporter -->
<testsuite skipped="0" hostname="DESKTOP-GM20KQQ" name="parameter.IfElseClassForBrowser" tests="1" failures="0" timestamp="2021-05-04T08:50:07 IST" time="70.122" errors="0">
  <testcase name="browserDemo" time="70.122" classname="parameter.IfElseClassForBrowser"/>
  <system-out/>
</testsuite> <!-- parameter.IfElseClassForBrowser -->
