<?xml version="1.0" encoding="UTF-8"?>
<!-- Generated by org.testng.reporters.JUnitReportReporter -->
<testsuite skipped="0" hostname="DESKTOP-GM20KQQ" name="basic.IncludeExclude" tests="4" failures="0" timestamp="2021-04-18T10:45:30 IST" time="0.045" errors="0">
  <testcase name="testcaseOne" time="0.014" classname="basic.IncludeExclude"/>
  <system-out/>
  <testcase name="testcaseFour" time="0.018" classname="basic.IncludeExclude"/>
  <system-out/>
  <testcase name="testcaseThree" time="0.005" classname="basic.IncludeExclude"/>
  <system-out/>
  <testcase name="testcaseTwo" time="0.008" classname="basic.IncludeExclude"/>
  <system-out/>
</testsuite> <!-- basic.IncludeExclude -->
