<?xml version="1.0" encoding="UTF-8"?>
<!-- Generated by org.testng.reporters.JUnitReportReporter -->
<testsuite skipped="0" hostname="DESKTOP-GM20KQQ" name="basic.IncludeExcude" tests="2" failures="0" timestamp="2021-05-03T08:54:04 IST" time="0.022" errors="0">
  <testcase name="testcaseTwo" time="0.002" classname="basic.IncludeExcude"/>
  <system-out/>
  <testcase name="testcaseFour" time="0.020" classname="basic.IncludeExcude"/>
  <system-out/>
</testsuite> <!-- basic.IncludeExcude -->
