<?xml version="1.0" encoding="UTF-8"?>
<!-- Generated by org.testng.reporters.JUnitReportReporter -->
<testsuite skipped="0" hostname="DESKTOP-GM20KQQ" name="parameter.IfElseBrowser" tests="1" failures="0" timestamp="2021-05-04T08:03:05 IST" time="27.989" errors="0">
  <testcase name="testcase" time="27.989" classname="parameter.IfElseBrowser"/>
  <system-out/>
</testsuite> <!-- parameter.IfElseBrowser -->
