<?xml version="1.0" encoding="UTF-8"?>
<!-- Generated by org.testng.reporters.JUnitReportReporter -->
<testsuite skipped="0" hostname="DESKTOP-GM20KQQ" name="dataprovider.DataProviderDemo" tests="5" failures="0" timestamp="2021-05-13T08:52:55 IST" time="0.023" errors="0">
  <testcase name="test2" time="0.002" classname="dataprovider.DataProviderDemo"/>
  <system-out/>
  <testcase name="test2" time="0.002" classname="dataprovider.DataProviderDemo"/>
  <system-out/>
  <testcase name="test" time="0.015" classname="dataprovider.DataProviderDemo"/>
  <system-out/>
  <testcase name="test2" time="0.002" classname="dataprovider.DataProviderDemo"/>
  <system-out/>
  <testcase name="test" time="0.002" classname="dataprovider.DataProviderDemo"/>
  <system-out/>
</testsuite> <!-- dataprovider.DataProviderDemo -->
