<?xml version="1.0" encoding="UTF-8"?>
<!-- Generated by org.testng.reporters.JUnitReportReporter -->
<testsuite skipped="0" hostname="DESKTOP-GM20KQQ" name="basic.PriorityClass" tests="4" failures="0" timestamp="2021-05-03T08:30:01 IST" time="0.013" errors="0">
  <testcase name="testcaseOne" time="0.004" classname="basic.PriorityClass"/>
  <system-out/>
  <testcase name="testcaseFour" time="0.003" classname="basic.PriorityClass"/>
  <system-out/>
  <testcase name="testcaseThree" time="0.002" classname="basic.PriorityClass"/>
  <system-out/>
  <testcase name="testcaseTwo" time="0.004" classname="basic.PriorityClass"/>
  <system-out/>
</testsuite> <!-- basic.PriorityClass -->
