<?xml version="1.0" encoding="UTF-8"?>
<!-- Generated by org.testng.reporters.JUnitReportReporter -->
<testsuite skipped="0" hostname="DESKTOP-GM20KQQ" name="parallel.ChromeClass" tests="1" failures="0" timestamp="2021-04-18T08:58:27 IST" time="39.996" errors="0">
  <testcase name="chromeMethod" time="39.996" classname="parallel.ChromeClass"/>
  <system-out/>
</testsuite> <!-- parallel.ChromeClass -->
