<?xml version="1.0" encoding="UTF-8"?>
<!-- Generated by org.testng.reporters.JUnitReportReporter -->
<testsuite skipped="0" hostname="DESKTOP-GM20KQQ" name="upload.DataProviderClass" tests="2" failures="0" timestamp="2021-05-13T08:02:24 IST" time="0.017" errors="0">
  <testcase name="testMethod" time="0.015" classname="upload.DataProviderClass"/>
  <system-out/>
  <testcase name="testMethod" time="0.002" classname="upload.DataProviderClass"/>
  <system-out/>
</testsuite> <!-- upload.DataProviderClass -->
