<?xml version="1.0" encoding="UTF-8"?>
<!-- Generated by org.testng.reporters.JUnitReportReporter -->
<testsuite skipped="0" hostname="DESKTOP-GM20KQQ" name="annotation.AnnotationClass" tests="1" failures="0" timestamp="2021-04-18T10:55:57 IST" time="0.008" errors="0">
  <testcase name="testCaseOne" time="0.008" classname="annotation.AnnotationClass"/>
  <system-out/>
</testsuite> <!-- annotation.AnnotationClass -->
