<?xml version="1.0" encoding="UTF-8"?>
<!-- Generated by org.testng.reporters.JUnitReportReporter -->
<testsuite skipped="0" hostname="DESKTOP-GM20KQQ" name="parallel.FirefoxClass" tests="1" failures="0" timestamp="2021-04-18T08:58:27 IST" time="55.504" errors="0">
  <testcase name="firefoxMethod" time="55.504" classname="parallel.FirefoxClass"/>
  <system-out/>
</testsuite> <!-- parallel.FirefoxClass -->
